nohup: ignoring input
[INFO] Scanning for projects...
[INFO] 
[INFO] -----------------< org.projet.ecommerce:config-server >-----------------
[INFO] Building config-server 0.0.1-SNAPSHOT
[INFO]   from pom.xml
[INFO] --------------------------------[ jar ]---------------------------------
[INFO] 
[INFO] >>> spring-boot:3.5.8:run (default-cli) > test-compile @ config-server >>>
[INFO] 
[INFO] --- resources:3.3.1:resources (default-resources) @ config-server ---
[INFO] Copying 2 resources from src/main/resources to target/classes
[INFO] Copying 7 resources from src/main/resources to target/classes
[INFO] 
[INFO] --- compiler:3.14.1:compile (default-compile) @ config-server ---
[INFO] Nothing to compile - all classes are up to date.
[INFO] 
[INFO] --- resources:3.3.1:testResources (default-testResources) @ config-server ---
[INFO] skip non existing resourceDirectory /home/ahmad/Ahmad/Ahmad-Tayh/IGL/SEM5/micro/projet-microservices/config-server/src/test/resources
[INFO] 
[INFO] --- compiler:3.14.1:testCompile (default-testCompile) @ config-server ---
[INFO] Nothing to compile - all classes are up to date.
[INFO] 
[INFO] <<< spring-boot:3.5.8:run (default-cli) < test-compile @ config-server <<<
[INFO] 
[INFO] 
[INFO] --- spring-boot:3.5.8:run (default-cli) @ config-server ---
[INFO] Attaching agents: []

  .   ____          _            __ _ _
 /\\ / ___'_ __ _ _(_)_ __  __ _ \ \ \ \
( ( )\___ | '_ | '_| | '_ \/ _` | \ \ \ \
 \\/  ___)| |_)| | | | | || (_| |  ) ) ) )
  '  |____| .__|_| |_|_| |_\__, | / / / /
 =========|_|==============|___/=/_/_/_/

 :: Spring Boot ::                (v3.5.8)

2025-12-23T23:06:26.118+01:00  INFO 232804 --- [config-server] [           main] o.p.e.c.ConfigServerApplication          : Starting ConfigServerApplication using Java 17.0.17 with PID 232804 (/home/ahmad/Ahmad/Ahmad-Tayh/IGL/SEM5/micro/projet-microservices/config-server/target/classes started by ahmad in /home/ahmad/Ahmad/Ahmad-Tayh/IGL/SEM5/micro/projet-microservices/config-server)
2025-12-23T23:06:26.120+01:00  INFO 232804 --- [config-server] [           main] o.p.e.c.ConfigServerApplication          : The following 1 profile is active: "native"
2025-12-23T23:06:27.379+01:00  INFO 232804 --- [config-server] [           main] o.s.cloud.context.scope.GenericScope     : BeanFactory id=474651ba-0d86-3e53-84fd-939eca8daf6a
2025-12-23T23:06:27.604+01:00  INFO 232804 --- [config-server] [           main] o.s.b.w.embedded.tomcat.TomcatWebServer  : Tomcat initialized with port 8888 (http)
2025-12-23T23:06:27.614+01:00  INFO 232804 --- [config-server] [           main] o.apache.catalina.core.StandardService   : Starting service [Tomcat]
2025-12-23T23:06:27.615+01:00  INFO 232804 --- [config-server] [           main] o.apache.catalina.core.StandardEngine    : Starting Servlet engine: [Apache Tomcat/10.1.49]
2025-12-23T23:06:27.649+01:00  INFO 232804 --- [config-server] [           main] o.a.c.c.C.[Tomcat].[localhost].[/]       : Initializing Spring embedded WebApplicationContext
2025-12-23T23:06:27.650+01:00  INFO 232804 --- [config-server] [           main] w.s.c.ServletWebServerApplicationContext : Root WebApplicationContext: initialization completed in 1500 ms
2025-12-23T23:06:28.199+01:00  WARN 232804 --- [config-server] [           main] ConfigServletWebServerApplicationContext : Exception encountered during context initialization - cancelling refresh attempt: org.springframework.context.ApplicationContextException: Failed to start bean 'webServerStartStop'
2025-12-23T23:06:28.209+01:00  INFO 232804 --- [config-server] [           main] .s.b.a.l.ConditionEvaluationReportLogger : 

Error starting ApplicationContext. To display the condition evaluation report re-run your application with 'debug' enabled.
2025-12-23T23:06:28.219+01:00 ERROR 232804 --- [config-server] [           main] o.s.b.d.LoggingFailureAnalysisReporter   : 

***************************
APPLICATION FAILED TO START
***************************

Description:

Web server failed to start. Port 8888 was already in use.

Action:

Identify and stop the process that's listening on port 8888 or configure this application to listen on another port.

[INFO] ------------------------------------------------------------------------
[INFO] BUILD FAILURE
[INFO] ------------------------------------------------------------------------
[INFO] Total time:  5.069 s
[INFO] Finished at: 2025-12-23T23:06:28+01:00
[INFO] ------------------------------------------------------------------------
[ERROR] Failed to execute goal org.springframework.boot:spring-boot-maven-plugin:3.5.8:run (default-cli) on project config-server: Process terminated with exit code: 1 -> [Help 1]
[ERROR] 
[ERROR] To see the full stack trace of the errors, re-run Maven with the -e switch.
[ERROR] Re-run Maven using the -X switch to enable full debug logging.
[ERROR] 
[ERROR] For more information about the errors and possible solutions, please read the following articles:
[ERROR] [Help 1] http://cwiki.apache.org/confluence/display/MAVEN/MojoExecutionException
