[INFO] Scanning for projects...
[INFO] 
[INFO] -----------------< org.projet.ecommerce:config-server >-----------------
[INFO] Building config-server 0.0.1-SNAPSHOT
[INFO]   from pom.xml
[INFO] --------------------------------[ jar ]---------------------------------
[INFO] 
[INFO] >>> spring-boot:3.5.8:run (default-cli) > test-compile @ config-server >>>
[INFO] 
[INFO] --- resources:3.3.1:resources (default-resources) @ config-server ---
[INFO] Copying 2 resources from src/main/resources to target/classes
[INFO] Copying 7 resources from src/main/resources to target/classes
[INFO] 
[INFO] --- compiler:3.14.1:compile (default-compile) @ config-server ---
[INFO] Nothing to compile - all classes are up to date.
[INFO] 
[INFO] --- resources:3.3.1:testResources (default-testResources) @ config-server ---
[INFO] skip non existing resourceDirectory /home/ahmad/Ahmad/Ahmad-Tayh/IGL/SEM5/micro/projet-microservices/config-server/src/test/resources
[INFO] 
[INFO] --- compiler:3.14.1:testCompile (default-testCompile) @ config-server ---
[INFO] Nothing to compile - all classes are up to date.
[INFO] 
[INFO] <<< spring-boot:3.5.8:run (default-cli) < test-compile @ config-server <<<
[INFO] 
[INFO] 
[INFO] --- spring-boot:3.5.8:run (default-cli) @ config-server ---
[INFO] Attaching agents: []

  .   ____          _            __ _ _
 /\\ / ___'_ __ _ _(_)_ __  __ _ \ \ \ \
( ( )\___ | '_ | '_| | '_ \/ _` | \ \ \ \
 \\/  ___)| |_)| | | | | || (_| |  ) ) ) )
  '  |____| .__|_| |_|_| |_\__, | / / / /
 =========|_|==============|___/=/_/_/_/

 :: Spring Boot ::                (v3.5.8)

2025-12-23T23:07:17.770+01:00  INFO 235082 --- [config-server] [           main] o.p.e.c.ConfigServerApplication          : Starting ConfigServerApplication using Java 17.0.17 with PID 235082 (/home/ahmad/Ahmad/Ahmad-Tayh/IGL/SEM5/micro/projet-microservices/config-server/target/classes started by ahmad in /home/ahmad/Ahmad/Ahmad-Tayh/IGL/SEM5/micro/projet-microservices/config-server)
2025-12-23T23:07:17.774+01:00  INFO 235082 --- [config-server] [           main] o.p.e.c.ConfigServerApplication          : The following 1 profile is active: "native"
2025-12-23T23:07:18.583+01:00  INFO 235082 --- [config-server] [           main] o.s.cloud.context.scope.GenericScope     : BeanFactory id=474651ba-0d86-3e53-84fd-939eca8daf6a
2025-12-23T23:07:18.839+01:00  INFO 235082 --- [config-server] [           main] o.s.b.w.embedded.tomcat.TomcatWebServer  : Tomcat initialized with port 8888 (http)
2025-12-23T23:07:18.853+01:00  INFO 235082 --- [config-server] [           main] o.apache.catalina.core.StandardService   : Starting service [Tomcat]
2025-12-23T23:07:18.853+01:00  INFO 235082 --- [config-server] [           main] o.apache.catalina.core.StandardEngine    : Starting Servlet engine: [Apache Tomcat/10.1.49]
2025-12-23T23:07:18.903+01:00  INFO 235082 --- [config-server] [           main] o.a.c.c.C.[Tomcat].[localhost].[/]       : Initializing Spring embedded WebApplicationContext
2025-12-23T23:07:18.904+01:00  INFO 235082 --- [config-server] [           main] w.s.c.ServletWebServerApplicationContext : Root WebApplicationContext: initialization completed in 1068 ms
2025-12-23T23:07:19.580+01:00  INFO 235082 --- [config-server] [           main] o.s.b.w.embedded.tomcat.TomcatWebServer  : Tomcat started on port 8888 (http) with context path '/'
2025-12-23T23:07:19.620+01:00  INFO 235082 --- [config-server] [           main] o.p.e.c.ConfigServerApplication          : Started ConfigServerApplication in 2.719 seconds (process running for 3.629)
2025-12-23T23:07:38.323+01:00  INFO 235082 --- [config-server] [nio-8888-exec-1] o.a.c.c.C.[Tomcat].[localhost].[/]       : Initializing Spring DispatcherServlet 'dispatcherServlet'
2025-12-23T23:07:38.323+01:00  INFO 235082 --- [config-server] [nio-8888-exec-1] o.s.web.servlet.DispatcherServlet        : Initializing Servlet 'dispatcherServlet'
2025-12-23T23:07:38.324+01:00  INFO 235082 --- [config-server] [nio-8888-exec-1] o.s.web.servlet.DispatcherServlet        : Completed initialization in 1 ms
2025-12-23T23:07:38.391+01:00  INFO 235082 --- [config-server] [nio-8888-exec-1] o.s.c.c.s.e.NativeEnvironmentRepository  : Adding property source: Config resource 'class path resource [configurations/discovery-service.yml]' via location 'classpath:/configurations/'
2025-12-23T23:07:38.392+01:00  INFO 235082 --- [config-server] [nio-8888-exec-1] o.s.c.c.s.e.NativeEnvironmentRepository  : Adding property source: Config resource 'class path resource [configurations/application.yml]' via location 'classpath:/configurations/'
2025-12-23T23:07:58.285+01:00  INFO 235082 --- [config-server] [nio-8888-exec-2] o.s.c.c.s.e.NativeEnvironmentRepository  : Adding property source: Config resource 'class path resource [configurations/customer-service.yml]' via location 'classpath:/configurations/'
2025-12-23T23:07:58.285+01:00  INFO 235082 --- [config-server] [nio-8888-exec-2] o.s.c.c.s.e.NativeEnvironmentRepository  : Adding property source: Config resource 'class path resource [configurations/application.yml]' via location 'classpath:/configurations/'
2025-12-23T23:08:18.388+01:00  INFO 235082 --- [config-server] [nio-8888-exec-3] o.s.c.c.s.e.NativeEnvironmentRepository  : Adding property source: Config resource 'class path resource [configurations/product-service.yml]' via location 'classpath:/configurations/'
2025-12-23T23:08:18.388+01:00  INFO 235082 --- [config-server] [nio-8888-exec-3] o.s.c.c.s.e.NativeEnvironmentRepository  : Adding property source: Config resource 'class path resource [configurations/application.yml]' via location 'classpath:/configurations/'
2025-12-23T23:08:37.547+01:00  INFO 235082 --- [config-server] [nio-8888-exec-4] o.s.c.c.s.e.NativeEnvironmentRepository  : Adding property source: Config resource 'class path resource [configurations/order-service.yml]' via location 'classpath:/configurations/'
2025-12-23T23:08:37.547+01:00  INFO 235082 --- [config-server] [nio-8888-exec-4] o.s.c.c.s.e.NativeEnvironmentRepository  : Adding property source: Config resource 'class path resource [configurations/application.yml]' via location 'classpath:/configurations/'
2025-12-23T23:08:57.907+01:00  INFO 235082 --- [config-server] [nio-8888-exec-6] o.s.c.c.s.e.NativeEnvironmentRepository  : Adding property source: Config resource 'class path resource [configurations/payment-service.yml]' via location 'classpath:/configurations/'
2025-12-23T23:08:57.907+01:00  INFO 235082 --- [config-server] [nio-8888-exec-6] o.s.c.c.s.e.NativeEnvironmentRepository  : Adding property source: Config resource 'class path resource [configurations/application.yml]' via location 'classpath:/configurations/'
2025-12-23T23:09:18.153+01:00  INFO 235082 --- [config-server] [nio-8888-exec-8] o.s.c.c.s.e.NativeEnvironmentRepository  : Adding property source: Config resource 'class path resource [configurations/notification-service.yml]' via location 'classpath:/configurations/'
2025-12-23T23:09:18.153+01:00  INFO 235082 --- [config-server] [nio-8888-exec-8] o.s.c.c.s.e.NativeEnvironmentRepository  : Adding property source: Config resource 'class path resource [configurations/application.yml]' via location 'classpath:/configurations/'
2025-12-23T23:09:35.134+01:00  INFO 235082 --- [config-server] [io-8888-exec-10] o.s.c.c.s.e.NativeEnvironmentRepository  : Adding property source: Config resource 'class path resource [configurations/gateway-service.yml]' via location 'classpath:/configurations/'
2025-12-23T23:09:35.134+01:00  INFO 235082 --- [config-server] [io-8888-exec-10] o.s.c.c.s.e.NativeEnvironmentRepository  : Adding property source: Config resource 'class path resource [configurations/application.yml]' via location 'classpath:/configurations/'
2025-12-23T23:13:49.406+01:00  INFO 235082 --- [config-server] [nio-8888-exec-5] o.s.c.c.s.e.NativeEnvironmentRepository  : Adding property source: Config resource 'class path resource [configurations/product-service.yml]' via location 'classpath:/configurations/'
2025-12-23T23:13:49.406+01:00  INFO 235082 --- [config-server] [nio-8888-exec-5] o.s.c.c.s.e.NativeEnvironmentRepository  : Adding property source: Config resource 'class path resource [configurations/application.yml]' via location 'classpath:/configurations/'
2025-12-23T23:14:53.184+01:00  INFO 235082 --- [config-server] [nio-8888-exec-7] o.s.c.c.s.e.NativeEnvironmentRepository  : Adding property source: Config resource 'class path resource [configurations/product-service.yml]' via location 'classpath:/configurations/'
2025-12-23T23:14:53.184+01:00  INFO 235082 --- [config-server] [nio-8888-exec-7] o.s.c.c.s.e.NativeEnvironmentRepository  : Adding property source: Config resource 'class path resource [configurations/application.yml]' via location 'classpath:/configurations/'
2025-12-23T23:15:32.045+01:00  INFO 235082 --- [config-server] [nio-8888-exec-9] o.s.c.c.s.e.NativeEnvironmentRepository  : Adding property source: Config resource 'class path resource [configurations/product-service.yml]' via location 'classpath:/configurations/'
2025-12-23T23:15:32.045+01:00  INFO 235082 --- [config-server] [nio-8888-exec-9] o.s.c.c.s.e.NativeEnvironmentRepository  : Adding property source: Config resource 'class path resource [configurations/application.yml]' via location 'classpath:/configurations/'
2025-12-23T23:16:58.361+01:00  INFO 235082 --- [config-server] [nio-8888-exec-1] o.s.c.c.s.e.NativeEnvironmentRepository  : Adding property source: Config resource 'class path resource [configurations/product-service.yml]' via location 'classpath:/configurations/'
2025-12-23T23:16:58.362+01:00  INFO 235082 --- [config-server] [nio-8888-exec-1] o.s.c.c.s.e.NativeEnvironmentRepository  : Adding property source: Config resource 'class path resource [configurations/application.yml]' via location 'classpath:/configurations/'
2025-12-23T23:17:36.300+01:00  INFO 235082 --- [config-server] [nio-8888-exec-3] o.s.c.c.s.e.NativeEnvironmentRepository  : Adding property source: Config resource 'class path resource [configurations/product-service.yml]' via location 'classpath:/configurations/'
2025-12-23T23:17:36.300+01:00  INFO 235082 --- [config-server] [nio-8888-exec-3] o.s.c.c.s.e.NativeEnvironmentRepository  : Adding property source: Config resource 'class path resource [configurations/application.yml]' via location 'classpath:/configurations/'
2025-12-23T23:18:14.415+01:00  INFO 235082 --- [config-server] [nio-8888-exec-5] o.s.c.c.s.e.NativeEnvironmentRepository  : Adding property source: Config resource 'class path resource [configurations/product-service.yml]' via location 'classpath:/configurations/'
2025-12-23T23:18:14.415+01:00  INFO 235082 --- [config-server] [nio-8888-exec-5] o.s.c.c.s.e.NativeEnvironmentRepository  : Adding property source: Config resource 'class path resource [configurations/application.yml]' via location 'classpath:/configurations/'
2025-12-23T23:18:58.906+01:00  INFO 235082 --- [config-server] [nio-8888-exec-7] o.s.c.c.s.e.NativeEnvironmentRepository  : Adding property source: Config resource 'class path resource [configurations/product-service.yml]' via location 'classpath:/configurations/'
2025-12-23T23:18:58.906+01:00  INFO 235082 --- [config-server] [nio-8888-exec-7] o.s.c.c.s.e.NativeEnvironmentRepository  : Adding property source: Config resource 'class path resource [configurations/application.yml]' via location 'classpath:/configurations/'
2025-12-23T23:19:21.206+01:00  INFO 235082 --- [config-server] [nio-8888-exec-9] o.s.c.c.s.e.NativeEnvironmentRepository  : Adding property source: Config resource 'class path resource [configurations/product-service.yml]' via location 'classpath:/configurations/'
2025-12-23T23:19:21.206+01:00  INFO 235082 --- [config-server] [nio-8888-exec-9] o.s.c.c.s.e.NativeEnvironmentRepository  : Adding property source: Config resource 'class path resource [configurations/application.yml]' via location 'classpath:/configurations/'
2025-12-23T23:20:02.864+01:00  INFO 235082 --- [config-server] [nio-8888-exec-1] o.s.c.c.s.e.NativeEnvironmentRepository  : Adding property source: Config resource 'class path resource [configurations/product-service.yml]' via location 'classpath:/configurations/'
2025-12-23T23:20:02.865+01:00  INFO 235082 --- [config-server] [nio-8888-exec-1] o.s.c.c.s.e.NativeEnvironmentRepository  : Adding property source: Config resource 'class path resource [configurations/application.yml]' via location 'classpath:/configurations/'
2025-12-23T23:20:28.145+01:00  INFO 235082 --- [config-server] [nio-8888-exec-3] o.s.c.c.s.e.NativeEnvironmentRepository  : Adding property source: Config resource 'class path resource [configurations/product-service.yml]' via location 'classpath:/configurations/'
2025-12-23T23:20:28.145+01:00  INFO 235082 --- [config-server] [nio-8888-exec-3] o.s.c.c.s.e.NativeEnvironmentRepository  : Adding property source: Config resource 'class path resource [configurations/application.yml]' via location 'classpath:/configurations/'
2025-12-23T23:20:49.102+01:00  INFO 235082 --- [config-server] [nio-8888-exec-5] o.s.c.c.s.e.NativeEnvironmentRepository  : Adding property source: Config resource 'class path resource [configurations/product-service.yml]' via location 'classpath:/configurations/'
2025-12-23T23:20:49.102+01:00  INFO 235082 --- [config-server] [nio-8888-exec-5] o.s.c.c.s.e.NativeEnvironmentRepository  : Adding property source: Config resource 'class path resource [configurations/application.yml]' via location 'classpath:/configurations/'
