[INFO] Scanning for projects...
[INFO] 
[INFO] -------------------< org.projet.ecommerce:customer >--------------------
[INFO] Building customer 0.0.1-SNAPSHOT
[INFO]   from pom.xml
[INFO] --------------------------------[ jar ]---------------------------------
[INFO] 
[INFO] >>> spring-boot:3.5.8:run (default-cli) > test-compile @ customer >>>
[INFO] 
[INFO] --- resources:3.3.1:resources (default-resources) @ customer ---
[INFO] Copying 1 resource from src/main/resources to target/classes
[INFO] Copying 0 resource from src/main/resources to target/classes
[INFO] 
[INFO] --- compiler:3.14.1:compile (default-compile) @ customer ---
[INFO] Nothing to compile - all classes are up to date.
[INFO] 
[INFO] --- resources:3.3.1:testResources (default-testResources) @ customer ---
[INFO] skip non existing resourceDirectory /home/ahmad/Ahmad/Ahmad-Tayh/IGL/SEM5/micro/projet-microservices/customer/src/test/resources
[INFO] 
[INFO] --- compiler:3.14.1:testCompile (default-testCompile) @ customer ---
[INFO] Nothing to compile - all classes are up to date.
[INFO] 
[INFO] <<< spring-boot:3.5.8:run (default-cli) < test-compile @ customer <<<
[INFO] 
[INFO] 
[INFO] --- spring-boot:3.5.8:run (default-cli) @ customer ---
[INFO] Attaching agents: []

  .   ____          _            __ _ _
 /\\ / ___'_ __ _ _(_)_ __  __ _ \ \ \ \
( ( )\___ | '_ | '_| | '_ \/ _` | \ \ \ \
 \\/  ___)| |_)| | | | | || (_| |  ) ) ) )
  '  |____| .__|_| |_|_| |_\__, | / / / /
 =========|_|==============|___/=/_/_/_/

 :: Spring Boot ::                (v3.5.8)

2025-12-23T23:07:58.601+01:00  INFO 235947 --- [customer-service] [           main] o.p.e.customer.CustomerApplication       : Starting CustomerApplication using Java 17.0.17 with PID 235947 (/home/ahmad/Ahmad/Ahmad-Tayh/IGL/SEM5/micro/projet-microservices/customer/target/classes started by ahmad in /home/ahmad/Ahmad/Ahmad-Tayh/IGL/SEM5/micro/projet-microservices/customer)
2025-12-23T23:07:58.603+01:00  INFO 235947 --- [customer-service] [           main] o.p.e.customer.CustomerApplication       : No active profile set, falling back to 1 default profile: "default"
2025-12-23T23:07:58.643+01:00  INFO 235947 --- [customer-service] [           main] o.s.c.c.c.ConfigServerConfigDataLoader   : Fetching config from server at : http://localhost:8888
2025-12-23T23:07:58.643+01:00  INFO 235947 --- [customer-service] [           main] o.s.c.c.c.ConfigServerConfigDataLoader   : Located environment: name=customer-service, profiles=[default], label=null, version=null, state=null
2025-12-23T23:07:58.763+01:00  WARN 235947 --- [customer-service] [           main] o.s.c.annotation.AnnotationTypeMapping   : Support for convention-based annotation attribute overrides is deprecated and will be removed in Spring Framework 7.0. Please annotate the following attributes in @org.axonframework.spring.stereotype.Aggregate with appropriate @AliasFor declarations: [type]
2025-12-23T23:07:58.767+01:00  WARN 235947 --- [customer-service] [           main] o.s.c.annotation.AnnotationTypeMapping   : Support for convention-based annotation attribute overrides is deprecated and will be removed in Spring Framework 7.0. Please annotate the following attributes in @org.axonframework.commandhandling.CommandHandler with appropriate @AliasFor declarations: [payloadType]
2025-12-23T23:07:58.769+01:00  WARN 235947 --- [customer-service] [           main] o.s.c.annotation.AnnotationTypeMapping   : Support for convention-based annotation attribute overrides is deprecated and will be removed in Spring Framework 7.0. Please annotate the following attributes in @org.axonframework.eventsourcing.EventSourcingHandler with appropriate @AliasFor declarations: [payloadType]
2025-12-23T23:07:58.769+01:00  WARN 235947 --- [customer-service] [           main] o.s.c.annotation.AnnotationTypeMapping   : Support for convention-based annotation attribute overrides is deprecated and will be removed in Spring Framework 7.0. Please annotate the following attributes in @org.axonframework.eventsourcing.EventSourcingHandler with appropriate @AliasFor declarations: [payloadType]
2025-12-23T23:07:58.774+01:00  WARN 235947 --- [customer-service] [           main] o.s.c.annotation.AnnotationTypeMapping   : Support for convention-based annotation attribute overrides is deprecated and will be removed in Spring Framework 7.0. Please annotate the following attributes in @org.axonframework.eventhandling.EventHandler with appropriate @AliasFor declarations: [payloadType]
2025-12-23T23:07:59.750+01:00  INFO 235947 --- [customer-service] [           main] .s.d.r.c.RepositoryConfigurationDelegate : Bootstrapping Spring Data MongoDB repositories in DEFAULT mode.
2025-12-23T23:07:59.852+01:00  INFO 235947 --- [customer-service] [           main] .s.d.r.c.RepositoryConfigurationDelegate : Finished Spring Data repository scanning in 97 ms. Found 1 MongoDB repository interface.
2025-12-23T23:08:00.088+01:00  INFO 235947 --- [customer-service] [           main] o.s.cloud.context.scope.GenericScope     : BeanFactory id=233ffb96-efbe-387d-92af-199d78d53f98
2025-12-23T23:08:00.806+01:00  INFO 235947 --- [customer-service] [           main] o.s.b.w.embedded.tomcat.TomcatWebServer  : Tomcat initialized with port 8090 (http)
2025-12-23T23:08:00.814+01:00  INFO 235947 --- [customer-service] [           main] o.apache.catalina.core.StandardService   : Starting service [Tomcat]
2025-12-23T23:08:00.814+01:00  INFO 235947 --- [customer-service] [           main] o.apache.catalina.core.StandardEngine    : Starting Servlet engine: [Apache Tomcat/10.1.49]
2025-12-23T23:08:00.847+01:00  INFO 235947 --- [customer-service] [           main] o.a.c.c.C.[Tomcat].[localhost].[/]       : Initializing Spring embedded WebApplicationContext
2025-12-23T23:08:00.848+01:00  INFO 235947 --- [customer-service] [           main] w.s.c.ServletWebServerApplicationContext : Root WebApplicationContext: initialization completed in 2203 ms
2025-12-23T23:08:01.213+01:00  INFO 235947 --- [customer-service] [           main] org.mongodb.driver.client                : MongoClient with metadata {"driver": {"name": "mongo-java-driver|sync|spring-boot", "version": "5.5.2"}, "os": {"type": "Linux", "name": "Linux", "architecture": "amd64", "version": "6.14.0-37-generic"}, "platform": "Java/Ubuntu/17.0.17+10-Ubuntu-124.04"} created with settings MongoClientSettings{readPreference=primary, writeConcern=WriteConcern{w=null, wTimeout=null ms, journal=null}, retryWrites=true, retryReads=true, readConcern=ReadConcern{level=null}, credential=MongoCredential{mechanism=null, userName='alibou', source='admin', password=<hidden>, mechanismProperties=<hidden>}, transportSettings=null, commandListeners=[io.micrometer.core.instrument.binder.mongodb.MongoMetricsCommandListener@3d42b756], codecRegistry=ProvidersCodecRegistry{codecProviders=[ValueCodecProvider{}, BsonValueCodecProvider{}, DBRefCodecProvider{}, DBObjectCodecProvider{}, DocumentCodecProvider{}, CollectionCodecProvider{}, IterableCodecProvider{}, MapCodecProvider{}, GeoJsonCodecProvider{}, GridFSFileCodecProvider{}, Jsr310CodecProvider{}, JsonObjectCodecProvider{}, BsonCodecProvider{}, EnumCodecProvider{}, com.mongodb.client.model.mql.ExpressionCodecProvider@7c93e69, com.mongodb.Jep395RecordCodecProvider@4e4c05a0, com.mongodb.KotlinCodecProvider@d763b06]}, loggerSettings=LoggerSettings{maxDocumentLength=1000}, clusterSettings={hosts=[localhost:27017], srvServiceName=mongodb, mode=SINGLE, requiredClusterType=UNKNOWN, requiredReplicaSetName='null', serverSelector='null', clusterListeners='[]', serverSelectionTimeout='30000 ms', localThreshold='15 ms'}, socketSettings=SocketSettings{connectTimeoutMS=10000, readTimeoutMS=0, receiveBufferSize=0, proxySettings=ProxySettings{host=null, port=null, username=null, password=null}}, heartbeatSocketSettings=SocketSettings{connectTimeoutMS=10000, readTimeoutMS=10000, receiveBufferSize=0, proxySettings=ProxySettings{host=null, port=null, username=null, password=null}}, connectionPoolSettings=ConnectionPoolSettings{maxSize=100, minSize=0, maxWaitTimeMS=120000, maxConnectionLifeTimeMS=0, maxConnectionIdleTimeMS=0, maintenanceInitialDelayMS=0, maintenanceFrequencyMS=60000, connectionPoolListeners=[io.micrometer.core.instrument.binder.mongodb.MongoMetricsConnectionPoolListener@2526d5f9], maxConnecting=2}, serverSettings=ServerSettings{heartbeatFrequencyMS=10000, minHeartbeatFrequencyMS=500, serverMonitoringMode=AUTO, serverListeners='[]', serverMonitorListeners='[]'}, sslSettings=SslSettings{enabled=false, invalidHostNameAllowed=false, context=null}, applicationName='null', compressorList=[], uuidRepresentation=JAVA_LEGACY, serverApi=null, autoEncryptionSettings=null, dnsClient=null, inetAddressResolver=null, contextProvider=null, timeoutMS=null}
2025-12-23T23:08:01.220+01:00  INFO 235947 --- [customer-service] [localhost:27017] org.mongodb.driver.cluster               : Monitor thread successfully connected to server with description ServerDescription{address=localhost:27017, type=STANDALONE, cryptd=false, state=CONNECTED, ok=true, minWireVersion=0, maxWireVersion=21, maxDocumentSize=16777216, logicalSessionTimeoutMinutes=30, roundTripTimeNanos=29811791, minRoundTripTimeNanos=0}
2025-12-23T23:08:01.803+01:00  INFO 235947 --- [customer-service] [           main] o.a.config.AxonIQConsoleModule           : 
################################################################################################
## You have not configured AxonIQ Console. AxonIQ Console provides out-of-the box monitoring  ##
## and management capabilities for your Axon Application, starting with it is free.           ##
## Visit https://console.axoniq.io for more information!                                      ##
## Suppress this message by setting system property disable-axoniq-console-message to true.   ##
################################################################################################

2025-12-23T23:08:03.023+01:00  INFO 235947 --- [customer-service] [           main] DiscoveryClientOptionalArgsConfiguration : Eureka HTTP Client uses RestTemplate.
2025-12-23T23:08:03.079+01:00  WARN 235947 --- [customer-service] [           main] iguration$LoadBalancerCaffeineWarnLogger : Spring Cloud LoadBalancer is currently working with the default cache. While this cache implementation is useful for development and tests, it's recommended to use Caffeine cache in production.You can switch to using Caffeine cache, by adding it and org.springframework.cache.caffeine.CaffeineCacheManager to the classpath.
2025-12-23T23:08:03.090+01:00  INFO 235947 --- [customer-service] [           main] o.s.b.a.e.web.EndpointLinksResolver      : Exposing 29 endpoints beneath base path '/actuator'
2025-12-23T23:08:03.197+01:00  INFO 235947 --- [customer-service] [           main] o.s.c.n.eureka.InstanceInfoFactory       : Setting initial instance status as: STARTING
2025-12-23T23:08:03.213+01:00  INFO 235947 --- [customer-service] [           main] com.netflix.discovery.DiscoveryClient    : Initializing Eureka in region us-east-1
2025-12-23T23:08:03.216+01:00  INFO 235947 --- [customer-service] [           main] c.n.d.s.r.aws.ConfigClusterResolver      : Resolving eureka endpoints via configuration
2025-12-23T23:08:03.222+01:00  INFO 235947 --- [customer-service] [           main] com.netflix.discovery.DiscoveryClient    : Disable delta property : false
2025-12-23T23:08:03.223+01:00  INFO 235947 --- [customer-service] [           main] com.netflix.discovery.DiscoveryClient    : Single vip registry refresh property : null
2025-12-23T23:08:03.223+01:00  INFO 235947 --- [customer-service] [           main] com.netflix.discovery.DiscoveryClient    : Force full registry fetch : false
2025-12-23T23:08:03.223+01:00  INFO 235947 --- [customer-service] [           main] com.netflix.discovery.DiscoveryClient    : Application is null : false
2025-12-23T23:08:03.223+01:00  INFO 235947 --- [customer-service] [           main] com.netflix.discovery.DiscoveryClient    : Registered Applications size is zero : true
2025-12-23T23:08:03.223+01:00  INFO 235947 --- [customer-service] [           main] com.netflix.discovery.DiscoveryClient    : Application version is -1: true
2025-12-23T23:08:03.223+01:00  INFO 235947 --- [customer-service] [           main] com.netflix.discovery.DiscoveryClient    : Getting all instance registry info from the eureka server
2025-12-23T23:08:03.773+01:00  INFO 235947 --- [customer-service] [           main] com.netflix.discovery.DiscoveryClient    : The response status is 200
2025-12-23T23:08:03.774+01:00  INFO 235947 --- [customer-service] [           main] com.netflix.discovery.DiscoveryClient    : Starting heartbeat executor: renew interval is: 30
2025-12-23T23:08:03.775+01:00  INFO 235947 --- [customer-service] [           main] c.n.discovery.InstanceInfoReplicator     : InstanceInfoReplicator onDemand update allowed rate per min is 4
2025-12-23T23:08:03.776+01:00  INFO 235947 --- [customer-service] [           main] com.netflix.discovery.DiscoveryClient    : Discovery Client initialized at timestamp 1766527683776 with initial instances count: 0
2025-12-23T23:08:03.786+01:00  INFO 235947 --- [customer-service] [           main] o.s.c.n.e.s.EurekaServiceRegistry        : Registering application CUSTOMER-SERVICE with eureka with status UP
2025-12-23T23:08:03.787+01:00  INFO 235947 --- [customer-service] [           main] com.netflix.discovery.DiscoveryClient    : Saw local status change event StatusChangeEvent [timestamp=1766527683787, current=UP, previous=STARTING]
2025-12-23T23:08:03.788+01:00  INFO 235947 --- [customer-service] [foReplicator-%d] com.netflix.discovery.DiscoveryClient    : DiscoveryClient_CUSTOMER-SERVICE/192.168.100.11:customer-service:8090: registering service...
2025-12-23T23:08:03.825+01:00  WARN 235947 --- [customer-service] [           main] o.a.e.t.inmemory.InMemoryTokenStore      : An in memory token store is being created.
This means the event processor using this token store might process the same events again when the application is restarted.
If the use of an in memory token store is intentional, this warning can be ignored.
If the tokens should be persisted, use the JPA, JDBC or MongoDB token store instead.
2025-12-23T23:08:03.868+01:00  INFO 235947 --- [customer-service] [foReplicator-%d] com.netflix.discovery.DiscoveryClient    : DiscoveryClient_CUSTOMER-SERVICE/192.168.100.11:customer-service:8090 - registration status: 204
2025-12-23T23:08:04.044+01:00  INFO 235947 --- [customer-service] [           main] i.a.a.c.impl.AxonServerManagedChannel    : Requesting connection details from localhost:8124
2025-12-23T23:08:04.221+01:00  INFO 235947 --- [customer-service] [           main] i.a.a.c.impl.AxonServerManagedChannel    : Successfully connected to localhost:8124
2025-12-23T23:08:04.228+01:00  INFO 235947 --- [customer-service] [           main] i.a.a.connector.impl.ControlChannelImpl  : Connected instruction stream for context 'default'. Sending client identification
2025-12-23T23:08:04.236+01:00  INFO 235947 --- [customer-service] [           main] i.a.a.c.command.impl.CommandChannelImpl  : CommandChannel for context 'default' connected, 0 command handlers registered
2025-12-23T23:08:04.238+01:00  INFO 235947 --- [customer-service] [           main] i.a.a.c.command.impl.CommandChannelImpl  : Registered handler for command 'org.projet.ecommerce.customer.customer.cqrs.commands.UpdateCustomerCommand' in context 'default'
2025-12-23T23:08:04.240+01:00  INFO 235947 --- [customer-service] [           main] i.a.a.c.command.impl.CommandChannelImpl  : Registered handler for command 'org.projet.ecommerce.customer.customer.cqrs.commands.CreateCustomerCommand' in context 'default'
2025-12-23T23:08:04.258+01:00  INFO 235947 --- [customer-service] [           main] i.a.a.c.query.impl.QueryChannelImpl      : QueryChannel for context 'default' connected, 0 registrations resubscribed
2025-12-23T23:08:04.262+01:00  INFO 235947 --- [customer-service] [           main] i.a.a.c.query.impl.QueryChannelImpl      : Registered handler for query 'org.projet.ecommerce.customer.customer.cqrs.projections.GetAllCustomersQuery : java.util.List<org.projet.ecommerce.customer.customer.CustomerResponse>' in context 'default'
2025-12-23T23:08:04.263+01:00  INFO 235947 --- [customer-service] [           main] i.a.a.c.query.impl.QueryChannelImpl      : Registered handler for query 'org.projet.ecommerce.customer.customer.cqrs.projections.GetCustomerByIdQuery : org.projet.ecommerce.customer.customer.CustomerResponse' in context 'default'
2025-12-23T23:08:04.322+01:00  INFO 235947 --- [customer-service] [.projections]-0] o.a.e.TrackingEventProcessor             : Worker assigned to segment Segment[0/0] for processing
2025-12-23T23:08:04.324+01:00  INFO 235947 --- [customer-service] [.projections]-0] o.a.e.TrackingEventProcessor             : Using current Thread for last segment worker: TrackingSegmentWorker{processor=org.projet.ecommerce.customer.customer.cqrs.projections, segment=Segment[0/0]}
2025-12-23T23:08:04.324+01:00  INFO 235947 --- [customer-service] [.projections]-0] o.a.e.TrackingEventProcessor             : Fetched token: null for segment: Segment[0/0]
2025-12-23T23:08:04.326+01:00  INFO 235947 --- [customer-service] [           main] o.s.b.w.embedded.tomcat.TomcatWebServer  : Tomcat started on port 8090 (http) with context path '/'
2025-12-23T23:08:04.326+01:00  INFO 235947 --- [customer-service] [           main] .s.c.n.e.s.EurekaAutoServiceRegistration : Updating port to 8090
2025-12-23T23:08:04.370+01:00  INFO 235947 --- [customer-service] [           main] o.p.e.customer.CustomerApplication       : Started CustomerApplication in 7.06 seconds (process running for 7.995)
2025-12-23T23:08:33.774+01:00  INFO 235947 --- [customer-service] [reshExecutor-%d] com.netflix.discovery.DiscoveryClient    : Disable delta property : false
2025-12-23T23:08:33.775+01:00  INFO 235947 --- [customer-service] [reshExecutor-%d] com.netflix.discovery.DiscoveryClient    : Single vip registry refresh property : null
2025-12-23T23:08:33.775+01:00  INFO 235947 --- [customer-service] [reshExecutor-%d] com.netflix.discovery.DiscoveryClient    : Force full registry fetch : false
2025-12-23T23:08:33.775+01:00  INFO 235947 --- [customer-service] [reshExecutor-%d] com.netflix.discovery.DiscoveryClient    : Application is null : false
2025-12-23T23:08:33.775+01:00  INFO 235947 --- [customer-service] [reshExecutor-%d] com.netflix.discovery.DiscoveryClient    : Registered Applications size is zero : true
2025-12-23T23:08:33.776+01:00  INFO 235947 --- [customer-service] [reshExecutor-%d] com.netflix.discovery.DiscoveryClient    : Application version is -1: false
2025-12-23T23:08:33.776+01:00  INFO 235947 --- [customer-service] [reshExecutor-%d] com.netflix.discovery.DiscoveryClient    : Getting all instance registry info from the eureka server
2025-12-23T23:08:33.796+01:00  INFO 235947 --- [customer-service] [reshExecutor-%d] com.netflix.discovery.DiscoveryClient    : The response status is 200
2025-12-23T23:13:03.224+01:00  INFO 235947 --- [customer-service] [rap-executor-%d] c.n.d.s.r.aws.ConfigClusterResolver      : Resolving eureka endpoints via configuration
2025-12-23T23:18:03.225+01:00  INFO 235947 --- [customer-service] [rap-executor-%d] c.n.d.s.r.aws.ConfigClusterResolver      : Resolving eureka endpoints via configuration
[INFO] ------------------------------------------------------------------------
[INFO] BUILD FAILURE
[INFO] ------------------------------------------------------------------------
[INFO] Total time:  12:27 min
[INFO] Finished at: 2025-12-23T23:20:20+01:00
[INFO] ------------------------------------------------------------------------
[ERROR] Failed to execute goal org.springframework.boot:spring-boot-maven-plugin:3.5.8:run (default-cli) on project customer: Process terminated with exit code: 137 -> [Help 1]
[ERROR] 
[ERROR] To see the full stack trace of the errors, re-run Maven with the -e switch.
[ERROR] Re-run Maven using the -X switch to enable full debug logging.
[ERROR] 
[ERROR] For more information about the errors and possible solutions, please read the following articles:
[ERROR] [Help 1] http://cwiki.apache.org/confluence/display/MAVEN/MojoExecutionException
