[INFO] Scanning for projects...
[INFO] 
[INFO] -------------------< org.projet.ecommerce:discovery >-------------------
[INFO] Building discovery 0.0.1-SNAPSHOT
[INFO]   from pom.xml
[INFO] --------------------------------[ jar ]---------------------------------
[INFO] 
[INFO] >>> spring-boot:3.5.8:run (default-cli) > test-compile @ discovery >>>
[INFO] 
[INFO] --- resources:3.3.1:resources (default-resources) @ discovery ---
[INFO] Copying 1 resource from src/main/resources to target/classes
[INFO] Copying 0 resource from src/main/resources to target/classes
[INFO] 
[INFO] --- compiler:3.14.1:compile (default-compile) @ discovery ---
[INFO] Nothing to compile - all classes are up to date.
[INFO] 
[INFO] --- resources:3.3.1:testResources (default-testResources) @ discovery ---
[INFO] skip non existing resourceDirectory /home/ahmad/Ahmad/Ahmad-Tayh/IGL/SEM5/micro/projet-microservices/discovery/src/test/resources
[INFO] 
[INFO] --- compiler:3.14.1:testCompile (default-testCompile) @ discovery ---
[INFO] Nothing to compile - all classes are up to date.
[INFO] 
[INFO] <<< spring-boot:3.5.8:run (default-cli) < test-compile @ discovery <<<
[INFO] 
[INFO] 
[INFO] --- spring-boot:3.5.8:run (default-cli) @ discovery ---
[INFO] Attaching agents: []

  .   ____          _            __ _ _
 /\\ / ___'_ __ _ _(_)_ __  __ _ \ \ \ \
( ( )\___ | '_ | '_| | '_ \/ _` | \ \ \ \
 \\/  ___)| |_)| | | | | || (_| |  ) ) ) )
  '  |____| .__|_| |_|_| |_\__, | / / / /
 =========|_|==============|___/=/_/_/_/

 :: Spring Boot ::                (v3.5.8)

2025-12-23T23:07:38.699+01:00  INFO 235518 --- [discovery-service] [           main] o.p.e.discovery.DiscoveryApplication     : Starting DiscoveryApplication using Java 17.0.17 with PID 235518 (/home/ahmad/Ahmad/Ahmad-Tayh/IGL/SEM5/micro/projet-microservices/discovery/target/classes started by ahmad in /home/ahmad/Ahmad/Ahmad-Tayh/IGL/SEM5/micro/projet-microservices/discovery)
2025-12-23T23:07:38.702+01:00  INFO 235518 --- [discovery-service] [           main] o.p.e.discovery.DiscoveryApplication     : No active profile set, falling back to 1 default profile: "default"
2025-12-23T23:07:38.737+01:00  INFO 235518 --- [discovery-service] [           main] o.s.c.c.c.ConfigServerConfigDataLoader   : Fetching config from server at : http://localhost:8888
2025-12-23T23:07:38.738+01:00  INFO 235518 --- [discovery-service] [           main] o.s.c.c.c.ConfigServerConfigDataLoader   : Located environment: name=discovery-service, profiles=[default], label=null, version=null, state=null
2025-12-23T23:07:39.471+01:00  INFO 235518 --- [discovery-service] [           main] o.s.cloud.context.scope.GenericScope     : BeanFactory id=81c97170-f05f-3cf7-a0c6-15e07f717f46
2025-12-23T23:07:39.638+01:00  INFO 235518 --- [discovery-service] [           main] o.s.b.w.embedded.tomcat.TomcatWebServer  : Tomcat initialized with port 8761 (http)
2025-12-23T23:07:39.647+01:00  INFO 235518 --- [discovery-service] [           main] o.apache.catalina.core.StandardService   : Starting service [Tomcat]
2025-12-23T23:07:39.648+01:00  INFO 235518 --- [discovery-service] [           main] o.apache.catalina.core.StandardEngine    : Starting Servlet engine: [Apache Tomcat/10.1.49]
2025-12-23T23:07:39.683+01:00  INFO 235518 --- [discovery-service] [           main] o.a.c.c.C.[Tomcat].[localhost].[/]       : Initializing Spring embedded WebApplicationContext
2025-12-23T23:07:39.684+01:00  INFO 235518 --- [discovery-service] [           main] w.s.c.ServletWebServerApplicationContext : Root WebApplicationContext: initialization completed in 944 ms
2025-12-23T23:07:40.305+01:00  INFO 235518 --- [discovery-service] [           main] c.n.d.provider.DiscoveryJerseyProvider   : Using JSON encoding codec LegacyJacksonJson
2025-12-23T23:07:40.306+01:00  INFO 235518 --- [discovery-service] [           main] c.n.d.provider.DiscoveryJerseyProvider   : Using JSON decoding codec LegacyJacksonJson
2025-12-23T23:07:40.392+01:00  INFO 235518 --- [discovery-service] [           main] c.n.d.provider.DiscoveryJerseyProvider   : Using XML encoding codec XStreamXml
2025-12-23T23:07:40.392+01:00  INFO 235518 --- [discovery-service] [           main] c.n.d.provider.DiscoveryJerseyProvider   : Using XML decoding codec XStreamXml
2025-12-23T23:07:40.506+01:00  INFO 235518 --- [discovery-service] [           main] o.s.v.b.OptionalValidatorFactoryBean     : Failed to set up a Bean Validation provider: jakarta.validation.NoProviderFoundException: Unable to create a Configuration, because no Jakarta Bean Validation provider could be found. Add a provider like Hibernate Validator (RI) to your classpath.
2025-12-23T23:07:40.956+01:00  WARN 235518 --- [discovery-service] [           main] iguration$LoadBalancerCaffeineWarnLogger : Spring Cloud LoadBalancer is currently working with the default cache. While this cache implementation is useful for development and tests, it's recommended to use Caffeine cache in production.You can switch to using Caffeine cache, by adding it and org.springframework.cache.caffeine.CaffeineCacheManager to the classpath.
2025-12-23T23:07:40.967+01:00  INFO 235518 --- [discovery-service] [           main] o.s.c.n.eureka.InstanceInfoFactory       : Setting initial instance status as: STARTING
2025-12-23T23:07:40.980+01:00  INFO 235518 --- [discovery-service] [           main] com.netflix.discovery.DiscoveryClient    : Initializing Eureka in region us-east-1
2025-12-23T23:07:40.981+01:00  INFO 235518 --- [discovery-service] [           main] com.netflix.discovery.DiscoveryClient    : Client configured to neither register nor query for data.
2025-12-23T23:07:40.981+01:00  INFO 235518 --- [discovery-service] [           main] com.netflix.discovery.DiscoveryClient    : Discovery Client initialized at timestamp 1766527660981 with initial instances count: 0
2025-12-23T23:07:41.005+01:00  INFO 235518 --- [discovery-service] [           main] c.n.eureka.DefaultEurekaServerContext    : Initializing ...
2025-12-23T23:07:41.006+01:00  WARN 235518 --- [discovery-service] [           main] c.n.eureka.cluster.PeerEurekaNodes       : The replica size seems to be empty. Check the route 53 DNS Registry
2025-12-23T23:07:41.011+01:00  INFO 235518 --- [discovery-service] [           main] c.n.e.registry.AbstractInstanceRegistry  : Finished initializing remote region registries. All known remote regions: []
2025-12-23T23:07:41.011+01:00  INFO 235518 --- [discovery-service] [           main] c.n.eureka.DefaultEurekaServerContext    : Initialized
2025-12-23T23:07:41.017+01:00  INFO 235518 --- [discovery-service] [           main] o.s.b.a.e.web.EndpointLinksResolver      : Exposing 1 endpoint beneath base path '/actuator'
2025-12-23T23:07:41.049+01:00  INFO 235518 --- [discovery-service] [           main] o.s.c.n.e.s.EurekaServiceRegistry        : Registering application DISCOVERY-SERVICE with eureka with status UP
2025-12-23T23:07:41.057+01:00  INFO 235518 --- [discovery-service] [       Thread-9] o.s.c.n.e.server.EurekaServerBootstrap   : isAws returned false
2025-12-23T23:07:41.057+01:00  INFO 235518 --- [discovery-service] [       Thread-9] o.s.c.n.e.server.EurekaServerBootstrap   : Initialized server context
2025-12-23T23:07:41.057+01:00  INFO 235518 --- [discovery-service] [       Thread-9] c.n.e.r.PeerAwareInstanceRegistryImpl    : Got 1 instances from neighboring DS node
2025-12-23T23:07:41.057+01:00  INFO 235518 --- [discovery-service] [       Thread-9] c.n.e.r.PeerAwareInstanceRegistryImpl    : Renew threshold is: 1
2025-12-23T23:07:41.057+01:00  INFO 235518 --- [discovery-service] [       Thread-9] c.n.e.r.PeerAwareInstanceRegistryImpl    : Changing status to UP
2025-12-23T23:07:41.059+01:00  INFO 235518 --- [discovery-service] [       Thread-9] e.s.EurekaServerInitializerConfiguration : Started Eureka Server
2025-12-23T23:07:41.060+01:00  INFO 235518 --- [discovery-service] [           main] o.s.b.w.embedded.tomcat.TomcatWebServer  : Tomcat started on port 8761 (http) with context path '/'
2025-12-23T23:07:41.060+01:00  INFO 235518 --- [discovery-service] [           main] .s.c.n.e.s.EurekaAutoServiceRegistration : Updating port to 8761
2025-12-23T23:07:41.102+01:00  INFO 235518 --- [discovery-service] [           main] o.p.e.discovery.DiscoveryApplication     : Started DiscoveryApplication in 3.857 seconds (process running for 4.793)
2025-12-23T23:08:03.703+01:00  INFO 235518 --- [discovery-service] [nio-8761-exec-1] o.a.c.c.C.[Tomcat].[localhost].[/]       : Initializing Spring DispatcherServlet 'dispatcherServlet'
2025-12-23T23:08:03.703+01:00  INFO 235518 --- [discovery-service] [nio-8761-exec-1] o.s.web.servlet.DispatcherServlet        : Initializing Servlet 'dispatcherServlet'
2025-12-23T23:08:03.704+01:00  INFO 235518 --- [discovery-service] [nio-8761-exec-1] o.s.web.servlet.DispatcherServlet        : Completed initialization in 1 ms
2025-12-23T23:08:03.863+01:00  INFO 235518 --- [discovery-service] [nio-8761-exec-2] c.n.e.registry.AbstractInstanceRegistry  : Registered instance CUSTOMER-SERVICE/192.168.100.11:customer-service:8090 with status UP (replication=false)
2025-12-23T23:08:25.282+01:00  INFO 235518 --- [discovery-service] [nio-8761-exec-4] c.n.e.registry.AbstractInstanceRegistry  : Registered instance PRODUCT-SERVICE/192.168.100.11:product-service:8050 with status UP (replication=false)
2025-12-23T23:08:41.060+01:00  INFO 235518 --- [discovery-service] [a-EvictionTimer] c.n.e.registry.AbstractInstanceRegistry  : Running the evict task with compensationTime 0ms
2025-12-23T23:08:46.375+01:00  INFO 235518 --- [discovery-service] [nio-8761-exec-8] c.n.e.registry.AbstractInstanceRegistry  : Registered instance ORDER-SERVICE/192.168.100.11:order-service:8070 with status UP (replication=false)
2025-12-23T23:09:05.978+01:00  INFO 235518 --- [discovery-service] [nio-8761-exec-4] c.n.e.registry.AbstractInstanceRegistry  : Registered instance PAYMENT-SERVICE/192.168.100.11:payment-service:8060 with status UP (replication=false)
2025-12-23T23:09:22.996+01:00  INFO 235518 --- [discovery-service] [nio-8761-exec-8] c.n.e.registry.AbstractInstanceRegistry  : Registered instance NOTIFICATION-SERVICE/192.168.100.11:notification-service:8040 with status UP (replication=false)
2025-12-23T23:09:39.768+01:00  INFO 235518 --- [discovery-service] [nio-8761-exec-6] c.n.e.registry.AbstractInstanceRegistry  : Registered instance GATEWAY-SERVICE/192.168.100.11:gateway-service:8222 with status UP (replication=false)
2025-12-23T23:09:41.060+01:00  INFO 235518 --- [discovery-service] [a-EvictionTimer] c.n.e.registry.AbstractInstanceRegistry  : Running the evict task with compensationTime 0ms
2025-12-23T23:10:41.060+01:00  INFO 235518 --- [discovery-service] [a-EvictionTimer] c.n.e.registry.AbstractInstanceRegistry  : Running the evict task with compensationTime 0ms
2025-12-23T23:11:41.061+01:00  INFO 235518 --- [discovery-service] [a-EvictionTimer] c.n.e.registry.AbstractInstanceRegistry  : Running the evict task with compensationTime 0ms
2025-12-23T23:12:41.061+01:00  INFO 235518 --- [discovery-service] [a-EvictionTimer] c.n.e.registry.AbstractInstanceRegistry  : Running the evict task with compensationTime 0ms
2025-12-23T23:13:41.061+01:00  INFO 235518 --- [discovery-service] [a-EvictionTimer] c.n.e.registry.AbstractInstanceRegistry  : Running the evict task with compensationTime 0ms
2025-12-23T23:13:55.114+01:00  INFO 235518 --- [discovery-service] [nio-8761-exec-9] c.n.e.registry.AbstractInstanceRegistry  : Registered instance PRODUCT-SERVICE/192.168.100.11:product-service:8050 with status UP (replication=false)
2025-12-23T23:14:41.061+01:00  INFO 235518 --- [discovery-service] [a-EvictionTimer] c.n.e.registry.AbstractInstanceRegistry  : Running the evict task with compensationTime 0ms
2025-12-23T23:14:58.900+01:00  INFO 235518 --- [discovery-service] [nio-8761-exec-6] c.n.e.registry.AbstractInstanceRegistry  : Registered instance PRODUCT-SERVICE/192.168.100.11:product-service:8050 with status UP (replication=false)
2025-12-23T23:15:37.704+01:00  INFO 235518 --- [discovery-service] [nio-8761-exec-7] c.n.e.registry.AbstractInstanceRegistry  : Registered instance PRODUCT-SERVICE/192.168.100.11:product-service:8050 with status UP (replication=false)
2025-12-23T23:15:41.061+01:00  INFO 235518 --- [discovery-service] [a-EvictionTimer] c.n.e.registry.AbstractInstanceRegistry  : Running the evict task with compensationTime 0ms
2025-12-23T23:16:41.061+01:00  INFO 235518 --- [discovery-service] [a-EvictionTimer] c.n.e.registry.AbstractInstanceRegistry  : Running the evict task with compensationTime 0ms
2025-12-23T23:17:04.213+01:00  INFO 235518 --- [discovery-service] [nio-8761-exec-4] c.n.e.registry.AbstractInstanceRegistry  : Registered instance PRODUCT-SERVICE/192.168.100.11:product-service:8050 with status UP (replication=false)
2025-12-23T23:17:41.006+01:00  WARN 235518 --- [discovery-service] [eerNodesUpdater] c.n.eureka.cluster.PeerEurekaNodes       : The replica size seems to be empty. Check the route 53 DNS Registry
2025-12-23T23:17:41.061+01:00  INFO 235518 --- [discovery-service] [a-EvictionTimer] c.n.e.registry.AbstractInstanceRegistry  : Running the evict task with compensationTime 0ms
2025-12-23T23:17:42.118+01:00  INFO 235518 --- [discovery-service] [nio-8761-exec-6] c.n.e.registry.AbstractInstanceRegistry  : Registered instance PRODUCT-SERVICE/192.168.100.11:product-service:8050 with status UP (replication=false)
2025-12-23T23:18:20.314+01:00  INFO 235518 --- [discovery-service] [nio-8761-exec-7] c.n.e.registry.AbstractInstanceRegistry  : Registered instance PRODUCT-SERVICE/192.168.100.11:product-service:8050 with status UP (replication=false)
2025-12-23T23:18:41.061+01:00  INFO 235518 --- [discovery-service] [a-EvictionTimer] c.n.e.registry.AbstractInstanceRegistry  : Running the evict task with compensationTime 0ms
2025-12-23T23:19:26.856+01:00  INFO 235518 --- [discovery-service] [nio-8761-exec-5] c.n.e.registry.AbstractInstanceRegistry  : Registered instance PRODUCT-SERVICE/192.168.100.11:product-service:8050 with status UP (replication=false)
2025-12-23T23:19:41.061+01:00  INFO 235518 --- [discovery-service] [a-EvictionTimer] c.n.e.registry.AbstractInstanceRegistry  : Running the evict task with compensationTime 0ms
2025-12-23T23:20:08.507+01:00  INFO 235518 --- [discovery-service] [nio-8761-exec-9] c.n.e.registry.AbstractInstanceRegistry  : Registered instance PRODUCT-SERVICE/192.168.100.11:product-service:8050 with status UP (replication=false)
2025-12-23T23:20:33.920+01:00  INFO 235518 --- [discovery-service] [nio-8761-exec-2] c.n.e.registry.AbstractInstanceRegistry  : Registered instance PRODUCT-SERVICE/192.168.100.11:product-service:8050 with status UP (replication=false)
2025-12-23T23:20:41.061+01:00  INFO 235518 --- [discovery-service] [a-EvictionTimer] c.n.e.registry.AbstractInstanceRegistry  : Running the evict task with compensationTime 0ms
[INFO] ------------------------------------------------------------------------
[INFO] BUILD FAILURE
[INFO] ------------------------------------------------------------------------
[INFO] Total time:  13:09 min
[INFO] Finished at: 2025-12-23T23:20:42+01:00
[INFO] ------------------------------------------------------------------------
[ERROR] Failed to execute goal org.springframework.boot:spring-boot-maven-plugin:3.5.8:run (default-cli) on project discovery: Process terminated with exit code: 137 -> [Help 1]
[ERROR] 
[ERROR] To see the full stack trace of the errors, re-run Maven with the -e switch.
[ERROR] Re-run Maven using the -X switch to enable full debug logging.
[ERROR] 
[ERROR] For more information about the errors and possible solutions, please read the following articles:
[ERROR] [Help 1] http://cwiki.apache.org/confluence/display/MAVEN/MojoExecutionException
